<?xml version="1.0" encoding="UTF-8"?>
<!-- Generated by org.testng.reporters.JUnitXMLReporter -->
<testsuite hostname="MyPC-PC" ignored="0" name="Default test" tests="3" failures="0" timestamp="16 May 2017 20:06:07 GMT" time="25.512" errors="0">
  <testcase name="doLogin" time="24.534" classname="qa.pageObject.TestCase.LoginTest"/>
  <testcase name="doLogin" time="0.002" classname="qa.pageObject.TestCase.LoginTest">
    <skipped/>
  </testcase> <!-- doLogin -->
  <testcase name="doLogin" time="0.002" classname="qa.pageObject.TestCase.LoginTest">
    <skipped/>
  </testcase> <!-- doLogin -->
</testsuite> <!-- Default test -->
